[35m[Appium][39m Welcome to Appium v1.22.3
[35m[Appium][39m Non-default server args:
[35m[Appium][39m   port: 56085
[35m[Appium][39m   loglevel: info
[35m[Appium][39m   tmpDir: /var/folders/s5/xf1t2t8j72q5w8684sr05v4r0000gn/T//Katalon/Appium/Temp1668430176344
[35m[Appium][39m   chromedriverPort: 56086
[35m[Appium][39m Deprecated server args:
[35m[Appium][39m   [31m--chromedriver-port[39m => --default-capabilities
[35m[Appium][39m Default capabilities, which will be added to each request unless overridden by desired capabilities:
[35m[Appium][39m   chromedriverPort: 56086
[35m[Appium][39m Appium REST http interface listener started on 0.0.0.0:56085
[35m[HTTP][39m [37m-->[39m [37mGET[39m [37m/wd/hub/status[39m
[35m[HTTP][39m [90m{}[39m
[35m[HTTP][39m [37m<-- GET /wd/hub/status [39m[32m200[39m [90m5 ms - 68[39m
[35m[HTTP][39m [90m[39m
[35m[HTTP][39m [37m-->[39m [37mGET[39m [37m/wd/hub/status[39m
[35m[HTTP][39m [90m{}[39m
[35m[HTTP][39m [37m<-- GET /wd/hub/status [39m[32m200[39m [90m1 ms - 68[39m
[35m[HTTP][39m [90m[39m
[35m[HTTP][39m [37m-->[39m [37mPOST[39m [37m/wd/hub/session[39m
[35m[HTTP][39m [90m{"desiredCapabilities":{"app":"/Users/mohit/Documents/APK/Android Messages.apk","noReset":true,"deviceName":"OnePlus EB2101 (Android 11)","fullReset":false,"platform":"ANDROID","newCommandTimeout":1800,"platformVersion":"11","automationName":"uiautomator2","autoGrantPermissions":true,"platformName":"Android","udid":"60fa34bd","systemPort":56102},"capabilities":{"firstMatch":[{"appium:app":"/Users/mohit/Documents/APK/Android Messages.apk","appium:autoGrantPermissions":true,"appium:automationName":"uiautomator2","appium:deviceName":"OnePlus EB2101 (Android 11)","appium:fullReset":false,"appium:newCommandTimeout":1800,"appium:noReset":true,"platform":"ANDROID","platformName":"android","appium:platformVersion":"11","appium:systemPort":56102,"appium:udid":"60fa34bd"}]}}[39m
[35m[BaseDriver][39m The following capabilities are not standard capabilities and should have an extension prefix:
[35m[BaseDriver][39m   platform
[35m[BaseDriver][39m   chromedriverPort
[35m[Appium][39m Appium v1.22.3 creating new AndroidUiautomator2Driver (v1.70.1) session
[35m[BaseDriver][39m The following capabilities were provided, but are not recognized by Appium:
[35m[BaseDriver][39m   platform
[35m[BaseDriver][39m Session created with session id: 2395fb0e-1baa-404d-8fc2-a4548be6e6e4
[35m[BaseDriver][39m Using local app '/Users/mohit/Documents/APK/Android Messages.apk'
[35m[ADB][39m Found 1 'build-tools' folders under '/Users/mohit/.katalon/tools/android_sdk' (newest first):
[35m[ADB][39m     /Users/mohit/.katalon/tools/android_sdk/build-tools/29.0.3
[35m[ADB][39m Using 'adb' from '/Users/mohit/.katalon/tools/android_sdk/platform-tools/adb'
[35m[AndroidDriver][39m Retrieving device list
[35m[AndroidDriver][39m Using device: 60fa34bd
[35m[ADB][39m Using 'adb' from '/Users/mohit/.katalon/tools/android_sdk/platform-tools/adb'
[35m[ADB][39m Getting device platform version
[35m[UiAutomator2][39m Relaxing hidden api policy
[35m[ADB][39m Package name: 'com.google.android.apps.messaging'
[35m[ADB][39m Main activity name: 'com.google.android.apps.messaging.ui.ConversationListActivity'
[35m[ADB][39m Using 'apksigner.jar' from '/Users/mohit/.katalon/tools/android_sdk/build-tools/29.0.3/lib/apksigner.jar'
[35m[ADB][39m '/Users/mohit/.katalon/tools/homebrew/lib/node_modules/appium/node_modules/appium-uiautomator2-server/apks/appium-uiautomator2-server-v4.27.0.apk' is signed with the default certificate
[35m[ADB][39m '/Users/mohit/.katalon/tools/homebrew/lib/node_modules/appium/node_modules/appium-uiautomator2-server/apks/appium-uiautomator2-server-debug-androidTest.apk' is signed with the default certificate
[35m[UiAutomator2][39m Server packages are not going to be (re)installed
[35m[ADB][39m Adding packages ["io.appium.settings","io.appium.uiautomator2.server","io.appium.uiautomator2.server.test"] to Doze whitelist
[35m[ADB][39m '/Users/mohit/Documents/APK/Android Messages.apk' is signed with a non-default certificate
[35m[UiAutomator2][39m Starting UIAutomator2 server 4.27.0
[35m[UiAutomator2][39m Using UIAutomator2 server from '/Users/mohit/.katalon/tools/homebrew/lib/node_modules/appium/node_modules/appium-uiautomator2-server/apks/appium-uiautomator2-server-v4.27.0.apk' and test from '/Users/mohit/.katalon/tools/homebrew/lib/node_modules/appium/node_modules/appium-uiautomator2-server/apks/appium-uiautomator2-server-debug-androidTest.apk'
[35m[UiAutomator2][39m Waiting up to 30000ms for UiAutomator2 to be online...
[35m[WD Proxy][39m socket hang up
[35m[WD Proxy][39m socket hang up
[35m[WD Proxy][39m Determined the downstream protocol as 'W3C'
[35m[AndroidDriver][39m Screen already unlocked, doing nothing
[35m[UiAutomator2][39m Starting 'com.google.android.apps.messaging/com.google.android.apps.messaging.ui.ConversationListActivity and waiting for 'com.google.android.apps.messaging/com.google.android.apps.messaging.ui.ConversationListActivity'
[35m[Appium][39m New AndroidUiautomator2Driver session created successfully, session 2395fb0e-1baa-404d-8fc2-a4548be6e6e4 added to master session list
[35m[HTTP][39m [37m<-- POST /wd/hub/session [39m[32m200[39m [90m7933 ms - 1250[39m
[35m[HTTP][39m [90m[39m
[35m[HTTP][39m [37m-->[39m [37mGET[39m [37m/wd/hub/session/2395fb0e-1baa-404d-8fc2-a4548be6e6e4[39m
[35m[HTTP][39m [90m{}[39m
[35m[HTTP][39m [37m<-- GET /wd/hub/session/2395fb0e-1baa-404d-8fc2-a4548be6e6e4 [39m[32m200[39m [90m22 ms - 1204[39m
[35m[HTTP][39m [90m[39m
[35m[HTTP][39m [37m-->[39m [37mGET[39m [37m/wd/hub/session/2395fb0e-1baa-404d-8fc2-a4548be6e6e4[39m
[35m[HTTP][39m [90m{}[39m
[35m[HTTP][39m [37m<-- GET /wd/hub/session/2395fb0e-1baa-404d-8fc2-a4548be6e6e4 [39m[32m200[39m [90m29 ms - 1204[39m
[35m[HTTP][39m [90m[39m
[35m[HTTP][39m [37m-->[39m [37mGET[39m [37m/wd/hub/status[39m
[35m[HTTP][39m [90m{}[39m
[35m[HTTP][39m [37m<-- GET /wd/hub/status [39m[32m200[39m [90m1 ms - 68[39m
[35m[HTTP][39m [90m[39m
[35m[HTTP][39m [37m-->[39m [37mPOST[39m [37m/wd/hub/session/2395fb0e-1baa-404d-8fc2-a4548be6e6e4/timeouts[39m
[35m[HTTP][39m [90m{"implicit":60000}[39m
[35m[HTTP][39m [37m<-- POST /wd/hub/session/2395fb0e-1baa-404d-8fc2-a4548be6e6e4/timeouts [39m[32m200[39m [90m3 ms - 14[39m
[35m[HTTP][39m [90m[39m
[35m[HTTP][39m [37m-->[39m [37mGET[39m [37m/wd/hub/session/2395fb0e-1baa-404d-8fc2-a4548be6e6e4/source[39m
[35m[HTTP][39m [90m{}[39m
[35m[W3C (2395fb0e)][39m Driver proxy active, passing request on via HTTP proxy
[35m[WD Proxy][39m Replacing sessionId 9e769b7f-ba3d-4658-9cdb-1831258871b4 with 2395fb0e-1baa-404d-8fc2-a4548be6e6e4
[35m[HTTP][39m [37m<-- GET /wd/hub/session/2395fb0e-1baa-404d-8fc2-a4548be6e6e4/source [39m[32m200[39m [90m1502 ms - 8186[39m
[35m[HTTP][39m [90m[39m
[35m[HTTP][39m [37m-->[39m [37mGET[39m [37m/wd/hub/session/2395fb0e-1baa-404d-8fc2-a4548be6e6e4/screenshot[39m
[35m[HTTP][39m [90m{}[39m
[35m[HTTP][39m [37m<-- GET /wd/hub/session/2395fb0e-1baa-404d-8fc2-a4548be6e6e4/screenshot [39m[32m200[39m [90m1157 ms - 340262[39m
[35m[HTTP][39m [90m[39m
[35m[HTTP][39m [37m-->[39m [37mGET[39m [37m/wd/hub/session/2395fb0e-1baa-404d-8fc2-a4548be6e6e4/source[39m
[35m[HTTP][39m [90m{}[39m
[35m[W3C (2395fb0e)][39m Driver proxy active, passing request on via HTTP proxy
[35m[WD Proxy][39m Replacing sessionId 9e769b7f-ba3d-4658-9cdb-1831258871b4 with 2395fb0e-1baa-404d-8fc2-a4548be6e6e4
[35m[HTTP][39m [37m<-- GET /wd/hub/session/2395fb0e-1baa-404d-8fc2-a4548be6e6e4/source [39m[32m200[39m [90m791 ms - 54398[39m
[35m[HTTP][39m [90m[39m
[35m[HTTP][39m [37m-->[39m [37mGET[39m [37m/wd/hub/session/2395fb0e-1baa-404d-8fc2-a4548be6e6e4/screenshot[39m
[35m[HTTP][39m [90m{}[39m
[35m[HTTP][39m [37m<-- GET /wd/hub/session/2395fb0e-1baa-404d-8fc2-a4548be6e6e4/screenshot [39m[32m200[39m [90m1032 ms - 391758[39m
[35m[HTTP][39m [90m[39m
[35m[HTTP][39m [37m-->[39m [37mPOST[39m [37m/wd/hub/session/2395fb0e-1baa-404d-8fc2-a4548be6e6e4/elements[39m
[35m[HTTP][39m [90m{"using":"xpath","value":"//*[@class = 'android.widget.TextView' and (@text = 'Mr Sharma' or . = 'Mr Sharma') and @resource-id = 'com.google.android.apps.messaging:id/conversation_name']"}[39m
[35m[HTTP][39m [37m<-- POST /wd/hub/session/2395fb0e-1baa-404d-8fc2-a4548be6e6e4/elements [39m[32m200[39m [90m1094 ms - 139[39m
[35m[HTTP][39m [90m[39m
[35m[HTTP][39m [37m-->[39m [37mGET[39m [37m/wd/hub/session/2395fb0e-1baa-404d-8fc2-a4548be6e6e4/window/rect[39m
[35m[HTTP][39m [90m{}[39m
[35m[HTTP][39m [37m<-- GET /wd/hub/session/2395fb0e-1baa-404d-8fc2-a4548be6e6e4/window/rect [39m[32m200[39m [90m25 ms - 50[39m
[35m[HTTP][39m [90m[39m
[35m[HTTP][39m [37m-->[39m [37mPOST[39m [37m/wd/hub/session/2395fb0e-1baa-404d-8fc2-a4548be6e6e4/elements[39m
[35m[HTTP][39m [90m{"using":"xpath","value":"//*[@class = 'android.widget.TextView' and (@text = 'Mr Sharma' or . = 'Mr Sharma') and @resource-id = 'com.google.android.apps.messaging:id/conversation_name']"}[39m
[35m[HTTP][39m [37m<-- POST /wd/hub/session/2395fb0e-1baa-404d-8fc2-a4548be6e6e4/elements [39m[32m200[39m [90m403 ms - 139[39m
[35m[HTTP][39m [90m[39m
[35m[HTTP][39m [37m-->[39m [37mGET[39m [37m/wd/hub/session/2395fb0e-1baa-404d-8fc2-a4548be6e6e4/element/00000000-0000-003d-ffff-ffff00000026/location[39m
[35m[HTTP][39m [90m{}[39m
[35m[W3C (2395fb0e)][39m Driver proxy active, passing request on via HTTP proxy
[35m[WD Proxy][39m Replacing sessionId 9e769b7f-ba3d-4658-9cdb-1831258871b4 with 2395fb0e-1baa-404d-8fc2-a4548be6e6e4
[35m[HTTP][39m [37m<-- GET /wd/hub/session/2395fb0e-1baa-404d-8fc2-a4548be6e6e4/element/00000000-0000-003d-ffff-ffff00000026/location [39m[32m200[39m [90m30 ms - 78[39m
[35m[HTTP][39m [90m[39m
[35m[HTTP][39m [37m-->[39m [37mPOST[39m [37m/wd/hub/session/2395fb0e-1baa-404d-8fc2-a4548be6e6e4/element/00000000-0000-003d-ffff-ffff00000026/click[39m
[35m[HTTP][39m [90m{"id":"00000000-0000-003d-ffff-ffff00000026"}[39m
[35m[HTTP][39m [37m<-- POST /wd/hub/session/2395fb0e-1baa-404d-8fc2-a4548be6e6e4/element/00000000-0000-003d-ffff-ffff00000026/click [39m[32m200[39m [90m74 ms - 14[39m
[35m[HTTP][39m [90m[39m
[35m[HTTP][39m [37m-->[39m [37mGET[39m [37m/wd/hub/session/2395fb0e-1baa-404d-8fc2-a4548be6e6e4/source[39m
[35m[HTTP][39m [90m{}[39m
[35m[W3C (2395fb0e)][39m Driver proxy active, passing request on via HTTP proxy
[35m[WD Proxy][39m Replacing sessionId 9e769b7f-ba3d-4658-9cdb-1831258871b4 with 2395fb0e-1baa-404d-8fc2-a4548be6e6e4
[35m[HTTP][39m [37m<-- GET /wd/hub/session/2395fb0e-1baa-404d-8fc2-a4548be6e6e4/source [39m[32m200[39m [90m1889 ms - 31888[39m
[35m[HTTP][39m [90m[39m
[35m[HTTP][39m [37m-->[39m [37mGET[39m [37m/wd/hub/session/2395fb0e-1baa-404d-8fc2-a4548be6e6e4/screenshot[39m
[35m[HTTP][39m [90m{}[39m
[35m[HTTP][39m [37m<-- GET /wd/hub/session/2395fb0e-1baa-404d-8fc2-a4548be6e6e4/screenshot [39m[32m200[39m [90m915 ms - 157984[39m
[35m[HTTP][39m [90m[39m
[35m[HTTP][39m [37m-->[39m [37mPOST[39m [37m/wd/hub/session/2395fb0e-1baa-404d-8fc2-a4548be6e6e4/elements[39m
[35m[HTTP][39m [90m{"using":"xpath","value":"//*[@class = 'android.widget.TextView' and (@text = 'Your Apple ID code is: 45673. Do not share it with anyone' or . = 'Your Apple ID code is: 45673. Do not share it with anyone') and @resource-id = 'com.google.android.apps.messaging:id/message_text']"}[39m
[35m[HTTP][39m [37m<-- POST /wd/hub/session/2395fb0e-1baa-404d-8fc2-a4548be6e6e4/elements [39m[32m200[39m [90m243 ms - 139[39m
[35m[HTTP][39m [90m[39m
[35m[HTTP][39m [37m-->[39m [37mGET[39m [37m/wd/hub/session/2395fb0e-1baa-404d-8fc2-a4548be6e6e4/window/rect[39m
[35m[HTTP][39m [90m{}[39m
[35m[HTTP][39m [37m<-- GET /wd/hub/session/2395fb0e-1baa-404d-8fc2-a4548be6e6e4/window/rect [39m[32m200[39m [90m21 ms - 50[39m
[35m[HTTP][39m [90m[39m
[35m[HTTP][39m [37m-->[39m [37mPOST[39m [37m/wd/hub/session/2395fb0e-1baa-404d-8fc2-a4548be6e6e4/elements[39m
[35m[HTTP][39m [90m{"using":"xpath","value":"//*[@class = 'android.widget.TextView' and (@text = 'Your Apple ID code is: 45673. Do not share it with anyone' or . = 'Your Apple ID code is: 45673. Do not share it with anyone') and @resource-id = 'com.google.android.apps.messaging:id/message_text']"}[39m
[35m[HTTP][39m [37m<-- POST /wd/hub/session/2395fb0e-1baa-404d-8fc2-a4548be6e6e4/elements [39m[32m200[39m [90m228 ms - 139[39m
[35m[HTTP][39m [90m[39m
[35m[HTTP][39m [37m-->[39m [37mGET[39m [37m/wd/hub/session/2395fb0e-1baa-404d-8fc2-a4548be6e6e4/element/00000000-0000-0042-ffff-ffff000001de/location[39m
[35m[HTTP][39m [90m{}[39m
[35m[W3C (2395fb0e)][39m Driver proxy active, passing request on via HTTP proxy
[35m[WD Proxy][39m Replacing sessionId 9e769b7f-ba3d-4658-9cdb-1831258871b4 with 2395fb0e-1baa-404d-8fc2-a4548be6e6e4
[35m[HTTP][39m [37m<-- GET /wd/hub/session/2395fb0e-1baa-404d-8fc2-a4548be6e6e4/element/00000000-0000-0042-ffff-ffff000001de/location [39m[32m200[39m [90m26 ms - 78[39m
[35m[HTTP][39m [90m[39m
[35m[HTTP][39m [37m-->[39m [37mGET[39m [37m/wd/hub/session/2395fb0e-1baa-404d-8fc2-a4548be6e6e4/element/00000000-0000-0042-ffff-ffff000001de/text[39m
[35m[HTTP][39m [90m{}[39m
[35m[W3C (2395fb0e)][39m Driver proxy active, passing request on via HTTP proxy
[35m[WD Proxy][39m Replacing sessionId 9e769b7f-ba3d-4658-9cdb-1831258871b4 with 2395fb0e-1baa-404d-8fc2-a4548be6e6e4
[35m[HTTP][39m [37m<-- GET /wd/hub/session/2395fb0e-1baa-404d-8fc2-a4548be6e6e4/element/00000000-0000-0042-ffff-ffff000001de/text [39m[32m200[39m [90m23 ms - 120[39m
[35m[HTTP][39m [90m[39m
[35m[HTTP][39m [37m-->[39m [37mGET[39m [37m/wd/hub/session/2395fb0e-1baa-404d-8fc2-a4548be6e6e4/source[39m
[35m[HTTP][39m [90m{}[39m
[35m[W3C (2395fb0e)][39m Driver proxy active, passing request on via HTTP proxy
[35m[WD Proxy][39m Replacing sessionId 9e769b7f-ba3d-4658-9cdb-1831258871b4 with 2395fb0e-1baa-404d-8fc2-a4548be6e6e4
[35m[HTTP][39m [37m<-- GET /wd/hub/session/2395fb0e-1baa-404d-8fc2-a4548be6e6e4/source [39m[32m200[39m [90m275 ms - 31888[39m
[35m[HTTP][39m [90m[39m
[35m[HTTP][39m [37m-->[39m [37mGET[39m [37m/wd/hub/session/2395fb0e-1baa-404d-8fc2-a4548be6e6e4/screenshot[39m
[35m[HTTP][39m [90m{}[39m
[35m[HTTP][39m [37m<-- GET /wd/hub/session/2395fb0e-1baa-404d-8fc2-a4548be6e6e4/screenshot [39m[32m200[39m [90m963 ms - 158094[39m
[35m[HTTP][39m [90m[39m
[35m[HTTP][39m [37m-->[39m [37mDELETE[39m [37m/wd/hub/session/2395fb0e-1baa-404d-8fc2-a4548be6e6e4[39m
[35m[HTTP][39m [90m{}[39m
[35m[Appium][39m Removing session 2395fb0e-1baa-404d-8fc2-a4548be6e6e4 from our master session list
[35m[UiAutomator2][39m Restoring hidden api policy to the device default configuration
[35m[HTTP][39m [37m<-- DELETE /wd/hub/session/2395fb0e-1baa-404d-8fc2-a4548be6e6e4 [39m[32m200[39m [90m399 ms - 14[39m
[35m[HTTP][39m [90m[39m
